Analysis & Synthesis report for parte3
Wed Aug 11 12:54:18 2021
Quartus II 64-Bit Version 13.0.1 Build 232 06/12/2013 Service Pack 1 SJ Web Edition


---------------------
; Table of Contents ;
---------------------
  1. Legal Notice
  2. Analysis & Synthesis Summary
  3. Analysis & Synthesis Settings
  4. Parallel Compilation
  5. Analysis & Synthesis Source Files Read
  6. Analysis & Synthesis Resource Usage Summary
  7. Analysis & Synthesis Resource Utilization by Entity
  8. State Machine - |parte3|Tomasulo:tomasulo|SumOp
  9. Registers Removed During Synthesis
 10. Removed Registers Triggering Further Register Optimizations
 11. General Register Statistics
 12. Multiplexer Restructuring Statistics (Restructuring Performed)
 13. Elapsed Time Per Partition
 14. Analysis & Synthesis Messages



----------------
; Legal Notice ;
----------------
Copyright (C) 1991-2013 Altera Corporation
Your use of Altera Corporation's design tools, logic functions 
and other software and tools, and its AMPP partner logic 
functions, and any output files from any of the foregoing 
(including device programming or simulation files), and any 
associated documentation or information are expressly subject 
to the terms and conditions of the Altera Program License 
Subscription Agreement, Altera MegaCore Function License 
Agreement, or other applicable license agreement, including, 
without limitation, that your use is for the sole purpose of 
programming logic devices manufactured by Altera and sold by 
Altera or its authorized distributors.  Please refer to the 
applicable agreement for further details.



+--------------------------------------------------------------------------------------+
; Analysis & Synthesis Summary                                                         ;
+------------------------------------+-------------------------------------------------+
; Analysis & Synthesis Status        ; Successful - Wed Aug 11 12:54:18 2021           ;
; Quartus II 64-Bit Version          ; 13.0.1 Build 232 06/12/2013 SP 1 SJ Web Edition ;
; Revision Name                      ; parte3                                          ;
; Top-level Entity Name              ; parte3                                          ;
; Family                             ; Cyclone IV GX                                   ;
; Total logic elements               ; 234                                             ;
;     Total combinational functions  ; 234                                             ;
;     Dedicated logic registers      ; 73                                              ;
; Total registers                    ; 73                                              ;
; Total pins                         ; 19                                              ;
; Total virtual pins                 ; 0                                               ;
; Total memory bits                  ; 0                                               ;
; Embedded Multiplier 9-bit elements ; 0                                               ;
; Total GXB Receiver Channel PCS     ; 0                                               ;
; Total GXB Receiver Channel PMA     ; 0                                               ;
; Total GXB Transmitter Channel PCS  ; 0                                               ;
; Total GXB Transmitter Channel PMA  ; 0                                               ;
; Total PLLs                         ; 0                                               ;
+------------------------------------+-------------------------------------------------+


+----------------------------------------------------------------------------------------------------------------------+
; Analysis & Synthesis Settings                                                                                        ;
+----------------------------------------------------------------------------+--------------------+--------------------+
; Option                                                                     ; Setting            ; Default Value      ;
+----------------------------------------------------------------------------+--------------------+--------------------+
; Device                                                                     ; EP4CGX75DF27C6     ;                    ;
; Top-level entity name                                                      ; parte3             ; parte3             ;
; Family name                                                                ; Cyclone IV GX      ; Cyclone IV GX      ;
; Use smart compilation                                                      ; Off                ; Off                ;
; Enable parallel Assembler and TimeQuest Timing Analyzer during compilation ; On                 ; On                 ;
; Enable compact report table                                                ; Off                ; Off                ;
; Restructure Multiplexers                                                   ; Auto               ; Auto               ;
; Create Debugging Nodes for IP Cores                                        ; Off                ; Off                ;
; Preserve fewer node names                                                  ; On                 ; On                 ;
; Disable OpenCore Plus hardware evaluation                                  ; Off                ; Off                ;
; Verilog Version                                                            ; Verilog_2001       ; Verilog_2001       ;
; VHDL Version                                                               ; VHDL_1993          ; VHDL_1993          ;
; State Machine Processing                                                   ; Auto               ; Auto               ;
; Safe State Machine                                                         ; Off                ; Off                ;
; Extract Verilog State Machines                                             ; On                 ; On                 ;
; Extract VHDL State Machines                                                ; On                 ; On                 ;
; Ignore Verilog initial constructs                                          ; Off                ; Off                ;
; Iteration limit for constant Verilog loops                                 ; 5000               ; 5000               ;
; Iteration limit for non-constant Verilog loops                             ; 250                ; 250                ;
; Add Pass-Through Logic to Inferred RAMs                                    ; On                 ; On                 ;
; Infer RAMs from Raw Logic                                                  ; On                 ; On                 ;
; Parallel Synthesis                                                         ; On                 ; On                 ;
; DSP Block Balancing                                                        ; Auto               ; Auto               ;
; NOT Gate Push-Back                                                         ; On                 ; On                 ;
; Power-Up Don't Care                                                        ; On                 ; On                 ;
; Remove Redundant Logic Cells                                               ; Off                ; Off                ;
; Remove Duplicate Registers                                                 ; On                 ; On                 ;
; Ignore CARRY Buffers                                                       ; Off                ; Off                ;
; Ignore CASCADE Buffers                                                     ; Off                ; Off                ;
; Ignore GLOBAL Buffers                                                      ; Off                ; Off                ;
; Ignore ROW GLOBAL Buffers                                                  ; Off                ; Off                ;
; Ignore LCELL Buffers                                                       ; Off                ; Off                ;
; Ignore SOFT Buffers                                                        ; On                 ; On                 ;
; Limit AHDL Integers to 32 Bits                                             ; Off                ; Off                ;
; Optimization Technique                                                     ; Balanced           ; Balanced           ;
; Carry Chain Length                                                         ; 70                 ; 70                 ;
; Auto Carry Chains                                                          ; On                 ; On                 ;
; Auto Open-Drain Pins                                                       ; On                 ; On                 ;
; Perform WYSIWYG Primitive Resynthesis                                      ; Off                ; Off                ;
; Auto ROM Replacement                                                       ; On                 ; On                 ;
; Auto RAM Replacement                                                       ; On                 ; On                 ;
; Auto DSP Block Replacement                                                 ; On                 ; On                 ;
; Auto Shift Register Replacement                                            ; Auto               ; Auto               ;
; Allow Shift Register Merging across Hierarchies                            ; Auto               ; Auto               ;
; Auto Clock Enable Replacement                                              ; On                 ; On                 ;
; Strict RAM Replacement                                                     ; Off                ; Off                ;
; Allow Synchronous Control Signals                                          ; On                 ; On                 ;
; Force Use of Synchronous Clear Signals                                     ; Off                ; Off                ;
; Auto RAM Block Balancing                                                   ; On                 ; On                 ;
; Auto RAM to Logic Cell Conversion                                          ; Off                ; Off                ;
; Auto Resource Sharing                                                      ; Off                ; Off                ;
; Allow Any RAM Size For Recognition                                         ; Off                ; Off                ;
; Allow Any ROM Size For Recognition                                         ; Off                ; Off                ;
; Allow Any Shift Register Size For Recognition                              ; Off                ; Off                ;
; Use LogicLock Constraints during Resource Balancing                        ; On                 ; On                 ;
; Ignore translate_off and synthesis_off directives                          ; Off                ; Off                ;
; Timing-Driven Synthesis                                                    ; On                 ; On                 ;
; Report Parameter Settings                                                  ; On                 ; On                 ;
; Report Source Assignments                                                  ; On                 ; On                 ;
; Report Connectivity Checks                                                 ; On                 ; On                 ;
; Ignore Maximum Fan-Out Assignments                                         ; Off                ; Off                ;
; Synchronization Register Chain Length                                      ; 2                  ; 2                  ;
; PowerPlay Power Optimization                                               ; Normal compilation ; Normal compilation ;
; HDL message level                                                          ; Level2             ; Level2             ;
; Suppress Register Optimization Related Messages                            ; Off                ; Off                ;
; Number of Removed Registers Reported in Synthesis Report                   ; 5000               ; 5000               ;
; Number of Swept Nodes Reported in Synthesis Report                         ; 5000               ; 5000               ;
; Number of Inverted Registers Reported in Synthesis Report                  ; 100                ; 100                ;
; Clock MUX Protection                                                       ; On                 ; On                 ;
; Auto Gated Clock Conversion                                                ; Off                ; Off                ;
; Block Design Naming                                                        ; Auto               ; Auto               ;
; SDC constraint protection                                                  ; Off                ; Off                ;
; Synthesis Effort                                                           ; Auto               ; Auto               ;
; Shift Register Replacement - Allow Asynchronous Clear Signal               ; On                 ; On                 ;
; Pre-Mapping Resynthesis Optimization                                       ; Off                ; Off                ;
; Analysis & Synthesis Message Level                                         ; Medium             ; Medium             ;
; Disable Register Merging Across Hierarchies                                ; Auto               ; Auto               ;
; Resource Aware Inference For Block RAM                                     ; On                 ; On                 ;
; Synthesis Seed                                                             ; 1                  ; 1                  ;
+----------------------------------------------------------------------------+--------------------+--------------------+


Parallel compilation was disabled, but you have multiple processors available. Enable parallel compilation to reduce compilation time.
+-------------------------------------+
; Parallel Compilation                ;
+----------------------------+--------+
; Processors                 ; Number ;
+----------------------------+--------+
; Number detected on machine ; 4      ;
; Maximum allowed            ; 1      ;
+----------------------------+--------+


+-----------------------------------------------------------------------------------------------------------------------------------------------+
; Analysis & Synthesis Source Files Read                                                                                                        ;
+----------------------------------+-----------------+------------------------+-------------------------------------------------------+---------+
; File Name with User-Entered Path ; Used in Netlist ; File Type              ; File Name with Absolute Path                          ; Library ;
+----------------------------------+-----------------+------------------------+-------------------------------------------------------+---------+
; parte3.v                         ; yes             ; User Verilog HDL File  ; C:/Users/Usuário/Documents/GitHub/Tomasulo/parte3.v   ;         ;
; Tomasulo.v                       ; yes             ; User Verilog HDL File  ; C:/Users/Usuário/Documents/GitHub/Tomasulo/Tomasulo.v ;         ;
+----------------------------------+-----------------+------------------------+-------------------------------------------------------+---------+


+---------------------------------------------+
; Analysis & Synthesis Resource Usage Summary ;
+--------------------------+------------------+
; Resource                 ; Usage            ;
+--------------------------+------------------+
; I/O pins                 ; 19               ;
; DSP block 9-bit elements ; 0                ;
; Maximum fan-out node     ; clock~input      ;
; Maximum fan-out          ; 73               ;
; Total fan-out            ; 1044             ;
; Average fan-out          ; 3.03             ;
+--------------------------+------------------+


+-----------------------------------------------------------------------------------------------------------------------------------------------------------------------------------------------+
; Analysis & Synthesis Resource Utilization by Entity                                                                                                                                           ;
+----------------------------+-------------------+--------------+-------------+--------------+---------+-----------+-----------+------+--------------+---------------------------+--------------+
; Compilation Hierarchy Node ; LC Combinationals ; LC Registers ; Memory Bits ; DSP Elements ; DSP 9x9 ; DSP 18x18 ; DSP 36x36 ; Pins ; Virtual Pins ; Full Hierarchy Name       ; Library Name ;
+----------------------------+-------------------+--------------+-------------+--------------+---------+-----------+-----------+------+--------------+---------------------------+--------------+
; |parte3                    ; 234 (0)           ; 73 (0)       ; 0           ; 0            ; 0       ; 0         ; 0         ; 19   ; 0            ; |parte3                   ; work         ;
;    |Tomasulo:tomasulo|     ; 234 (234)         ; 73 (73)      ; 0           ; 0            ; 0       ; 0         ; 0         ; 0    ; 0            ; |parte3|Tomasulo:tomasulo ; work         ;
+----------------------------+-------------------+--------------+-------------+--------------+---------+-----------+-----------+------+--------------+---------------------------+--------------+
Note: For table entries with two numbers listed, the numbers in parentheses indicate the number of resources of the given type used by the specific entity alone. The numbers listed outside of parentheses indicate the total resources of the given type used by the specific entity and all of its sub-entities in the hierarchy.


Encoding Type:  One-Hot
+-------------------------------------------------+
; State Machine - |parte3|Tomasulo:tomasulo|SumOp ;
+----------+--------------------------------------+
; Name     ; SumOp.01                             ;
+----------+--------------------------------------+
; SumOp.00 ; 0                                    ;
; SumOp.01 ; 1                                    ;
+----------+--------------------------------------+


+--------------------------------------------------------------------------------------------------------------+
; Registers Removed During Synthesis                                                                           ;
+-------------------------------------------------+------------------------------------------------------------+
; Register name                                   ; Reason for Removal                                         ;
+-------------------------------------------------+------------------------------------------------------------+
; Tomasulo:tomasulo|EstacaoReservaMulOp[0][3]     ; Stuck at GND due to stuck port data_in                     ;
; Tomasulo:tomasulo|EstacaoReservaMulOp[0][2]     ; Stuck at GND due to stuck port data_in                     ;
; Tomasulo:tomasulo|EstacaoReservaMulOp[1][3]     ; Stuck at GND due to stuck port data_in                     ;
; Tomasulo:tomasulo|EstacaoReservaMulOp[1][2]     ; Stuck at GND due to stuck port data_in                     ;
; Tomasulo:tomasulo|EstacaoReservaAddOp[1][2]     ; Stuck at GND due to stuck port data_in                     ;
; Tomasulo:tomasulo|EstacaoReservaAddOp[1][3]     ; Stuck at GND due to stuck port data_in                     ;
; Tomasulo:tomasulo|EstacaoReservaAddOp[0][2]     ; Stuck at GND due to stuck port data_in                     ;
; Tomasulo:tomasulo|EstacaoReservaAddOp[0][3]     ; Stuck at GND due to stuck port data_in                     ;
; Tomasulo:tomasulo|bancoRegLabel[2][5]           ; Merged with Tomasulo:tomasulo|bancoRegLabel[6][1]          ;
; Tomasulo:tomasulo|bancoRegLabel[3][0]           ; Merged with Tomasulo:tomasulo|bancoRegLabel[6][1]          ;
; Tomasulo:tomasulo|bancoRegLabel[7][2]           ; Merged with Tomasulo:tomasulo|bancoRegLabel[6][1]          ;
; Tomasulo:tomasulo|bancoRegLabel[2][1]           ; Merged with Tomasulo:tomasulo|bancoRegLabel[6][1]          ;
; Tomasulo:tomasulo|bancoRegLabel[3][4]           ; Merged with Tomasulo:tomasulo|bancoRegLabel[6][1]          ;
; Tomasulo:tomasulo|bancoRegLabel[6][7]           ; Merged with Tomasulo:tomasulo|bancoRegLabel[6][1]          ;
; Tomasulo:tomasulo|bancoRegLabel[2][9]           ; Merged with Tomasulo:tomasulo|bancoRegLabel[6][1]          ;
; Tomasulo:tomasulo|bancoRegLabel[7][8]           ; Merged with Tomasulo:tomasulo|bancoRegLabel[6][1]          ;
; Tomasulo:tomasulo|bancoRegLabel[3][2]           ; Merged with Tomasulo:tomasulo|bancoRegLabel[6][1]          ;
; Tomasulo:tomasulo|bancoRegLabel[7][0]           ; Merged with Tomasulo:tomasulo|bancoRegLabel[6][1]          ;
; Tomasulo:tomasulo|bancoRegLabel[3][10]          ; Merged with Tomasulo:tomasulo|bancoRegLabel[6][1]          ;
; Tomasulo:tomasulo|bancoRegLabel[3][6]           ; Merged with Tomasulo:tomasulo|bancoRegLabel[6][1]          ;
; Tomasulo:tomasulo|bancoRegLabel[6][5]           ; Merged with Tomasulo:tomasulo|bancoRegLabel[6][1]          ;
; Tomasulo:tomasulo|bancoRegLabel[2][3]           ; Merged with Tomasulo:tomasulo|bancoRegLabel[6][1]          ;
; Tomasulo:tomasulo|bancoRegLabel[7][4]           ; Merged with Tomasulo:tomasulo|bancoRegLabel[6][1]          ;
; Tomasulo:tomasulo|bancoRegLabel[2][7]           ; Merged with Tomasulo:tomasulo|bancoRegLabel[6][1]          ;
; Tomasulo:tomasulo|bancoRegLabel[6][9]           ; Merged with Tomasulo:tomasulo|bancoRegLabel[6][1]          ;
; Tomasulo:tomasulo|bancoRegLabel[2][10]          ; Merged with Tomasulo:tomasulo|bancoRegLabel[6][1]          ;
; Tomasulo:tomasulo|bancoRegLabel[6][0]           ; Merged with Tomasulo:tomasulo|bancoRegLabel[6][1]          ;
; Tomasulo:tomasulo|bancoRegLabel[3][1]           ; Merged with Tomasulo:tomasulo|bancoRegLabel[6][1]          ;
; Tomasulo:tomasulo|bancoRegLabel[7][1]           ; Merged with Tomasulo:tomasulo|bancoRegLabel[6][1]          ;
; Tomasulo:tomasulo|bancoRegLabel[3][3]           ; Merged with Tomasulo:tomasulo|bancoRegLabel[6][1]          ;
; Tomasulo:tomasulo|bancoRegLabel[7][7]           ; Merged with Tomasulo:tomasulo|bancoRegLabel[6][1]          ;
; Tomasulo:tomasulo|bancoRegLabel[3][5]           ; Merged with Tomasulo:tomasulo|bancoRegLabel[6][1]          ;
; Tomasulo:tomasulo|bancoRegLabel[6][2]           ; Merged with Tomasulo:tomasulo|bancoRegLabel[6][1]          ;
; Tomasulo:tomasulo|bancoRegLabel[3][9]           ; Merged with Tomasulo:tomasulo|bancoRegLabel[6][1]          ;
; Tomasulo:tomasulo|bancoRegLabel[3][7]           ; Merged with Tomasulo:tomasulo|bancoRegLabel[6][1]          ;
; Tomasulo:tomasulo|bancoRegLabel[6][4]           ; Merged with Tomasulo:tomasulo|bancoRegLabel[6][1]          ;
; Tomasulo:tomasulo|bancoRegLabel[2][0]           ; Merged with Tomasulo:tomasulo|bancoRegLabel[6][1]          ;
; Tomasulo:tomasulo|bancoRegLabel[7][5]           ; Merged with Tomasulo:tomasulo|bancoRegLabel[6][1]          ;
; Tomasulo:tomasulo|bancoRegLabel[2][2]           ; Merged with Tomasulo:tomasulo|bancoRegLabel[6][1]          ;
; Tomasulo:tomasulo|bancoRegLabel[6][6]           ; Merged with Tomasulo:tomasulo|bancoRegLabel[6][1]          ;
; Tomasulo:tomasulo|bancoRegLabel[2][4]           ; Merged with Tomasulo:tomasulo|bancoRegLabel[6][1]          ;
; Tomasulo:tomasulo|bancoRegLabel[7][9]           ; Merged with Tomasulo:tomasulo|bancoRegLabel[6][1]          ;
; Tomasulo:tomasulo|bancoRegLabel[2][6]           ; Merged with Tomasulo:tomasulo|bancoRegLabel[6][1]          ;
; Tomasulo:tomasulo|bancoRegLabel[6][8]           ; Merged with Tomasulo:tomasulo|bancoRegLabel[6][1]          ;
; Tomasulo:tomasulo|bancoRegLabel[2][8]           ; Merged with Tomasulo:tomasulo|bancoRegLabel[6][1]          ;
; Tomasulo:tomasulo|bancoRegLabel[7][3]           ; Merged with Tomasulo:tomasulo|bancoRegLabel[6][1]          ;
; Tomasulo:tomasulo|bancoRegLabel[6][10]          ; Merged with Tomasulo:tomasulo|bancoRegLabel[6][1]          ;
; Tomasulo:tomasulo|bancoRegLabel[7][10]          ; Merged with Tomasulo:tomasulo|bancoRegLabel[6][1]          ;
; Tomasulo:tomasulo|bancoRegLabel[7][6]           ; Merged with Tomasulo:tomasulo|bancoRegLabel[6][1]          ;
; Tomasulo:tomasulo|bancoRegLabel[6][3]           ; Merged with Tomasulo:tomasulo|bancoRegLabel[6][1]          ;
; Tomasulo:tomasulo|bancoRegLabel[3][8]           ; Merged with Tomasulo:tomasulo|bancoRegLabel[6][1]          ;
; Tomasulo:tomasulo|EstacaoReservaMulLabel[0][2]  ; Merged with Tomasulo:tomasulo|EstacaoReservaMulLabel[0][0] ;
; Tomasulo:tomasulo|EstacaoReservaMulLabel[0][3]  ; Merged with Tomasulo:tomasulo|EstacaoReservaMulLabel[0][0] ;
; Tomasulo:tomasulo|EstacaoReservaMulLabel[0][4]  ; Merged with Tomasulo:tomasulo|EstacaoReservaMulLabel[0][0] ;
; Tomasulo:tomasulo|EstacaoReservaMulLabel[0][5]  ; Merged with Tomasulo:tomasulo|EstacaoReservaMulLabel[0][0] ;
; Tomasulo:tomasulo|EstacaoReservaMulLabel[1][2]  ; Merged with Tomasulo:tomasulo|EstacaoReservaMulLabel[1][0] ;
; Tomasulo:tomasulo|EstacaoReservaMulLabel[1][3]  ; Merged with Tomasulo:tomasulo|EstacaoReservaMulLabel[1][0] ;
; Tomasulo:tomasulo|EstacaoReservaMulLabel[1][4]  ; Merged with Tomasulo:tomasulo|EstacaoReservaMulLabel[1][0] ;
; Tomasulo:tomasulo|EstacaoReservaMulLabel[1][5]  ; Merged with Tomasulo:tomasulo|EstacaoReservaMulLabel[1][0] ;
; Tomasulo:tomasulo|EstacaoReservaMulQj[0][2]     ; Merged with Tomasulo:tomasulo|EstacaoReservaMulQj[0][0]    ;
; Tomasulo:tomasulo|EstacaoReservaMulQj[0][3]     ; Merged with Tomasulo:tomasulo|EstacaoReservaMulQj[0][0]    ;
; Tomasulo:tomasulo|EstacaoReservaMulQj[0][4]     ; Merged with Tomasulo:tomasulo|EstacaoReservaMulQj[0][0]    ;
; Tomasulo:tomasulo|EstacaoReservaMulQj[0][5]     ; Merged with Tomasulo:tomasulo|EstacaoReservaMulQj[0][0]    ;
; Tomasulo:tomasulo|EstacaoReservaMulQj[1][2]     ; Merged with Tomasulo:tomasulo|EstacaoReservaMulQj[1][0]    ;
; Tomasulo:tomasulo|EstacaoReservaMulQj[1][3]     ; Merged with Tomasulo:tomasulo|EstacaoReservaMulQj[1][0]    ;
; Tomasulo:tomasulo|EstacaoReservaMulQj[1][4]     ; Merged with Tomasulo:tomasulo|EstacaoReservaMulQj[1][0]    ;
; Tomasulo:tomasulo|EstacaoReservaMulQj[1][5]     ; Merged with Tomasulo:tomasulo|EstacaoReservaMulQj[1][0]    ;
; Tomasulo:tomasulo|TabelaValoresLabel[0][2]      ; Merged with Tomasulo:tomasulo|TabelaValoresLabel[0][0]     ;
; Tomasulo:tomasulo|TabelaValoresLabel[0][3]      ; Merged with Tomasulo:tomasulo|TabelaValoresLabel[0][0]     ;
; Tomasulo:tomasulo|TabelaValoresLabel[0][4]      ; Merged with Tomasulo:tomasulo|TabelaValoresLabel[0][0]     ;
; Tomasulo:tomasulo|TabelaValoresLabel[0][5]      ; Merged with Tomasulo:tomasulo|TabelaValoresLabel[0][0]     ;
; Tomasulo:tomasulo|TabelaValoresLabel[1][2]      ; Merged with Tomasulo:tomasulo|TabelaValoresLabel[1][0]     ;
; Tomasulo:tomasulo|TabelaValoresLabel[1][3]      ; Merged with Tomasulo:tomasulo|TabelaValoresLabel[1][0]     ;
; Tomasulo:tomasulo|TabelaValoresLabel[1][4]      ; Merged with Tomasulo:tomasulo|TabelaValoresLabel[1][0]     ;
; Tomasulo:tomasulo|TabelaValoresLabel[1][5]      ; Merged with Tomasulo:tomasulo|TabelaValoresLabel[1][0]     ;
; Tomasulo:tomasulo|TabelaValoresLabel[2][2]      ; Merged with Tomasulo:tomasulo|TabelaValoresLabel[2][0]     ;
; Tomasulo:tomasulo|TabelaValoresLabel[2][3]      ; Merged with Tomasulo:tomasulo|TabelaValoresLabel[2][0]     ;
; Tomasulo:tomasulo|TabelaValoresLabel[2][4]      ; Merged with Tomasulo:tomasulo|TabelaValoresLabel[2][0]     ;
; Tomasulo:tomasulo|TabelaValoresLabel[2][5]      ; Merged with Tomasulo:tomasulo|TabelaValoresLabel[2][0]     ;
; Tomasulo:tomasulo|TabelaValoresLabel[3][2]      ; Merged with Tomasulo:tomasulo|TabelaValoresLabel[3][0]     ;
; Tomasulo:tomasulo|TabelaValoresLabel[3][3]      ; Merged with Tomasulo:tomasulo|TabelaValoresLabel[3][0]     ;
; Tomasulo:tomasulo|TabelaValoresLabel[3][4]      ; Merged with Tomasulo:tomasulo|TabelaValoresLabel[3][0]     ;
; Tomasulo:tomasulo|TabelaValoresLabel[3][5]      ; Merged with Tomasulo:tomasulo|TabelaValoresLabel[3][0]     ;
; Tomasulo:tomasulo|TabelaValoresDest[0][3]       ; Merged with Tomasulo:tomasulo|TabelaValoresDest[0][1]      ;
; Tomasulo:tomasulo|TabelaValoresDest[1][3]       ; Merged with Tomasulo:tomasulo|TabelaValoresDest[1][1]      ;
; Tomasulo:tomasulo|TabelaValoresDest[2][3]       ; Merged with Tomasulo:tomasulo|TabelaValoresDest[2][1]      ;
; Tomasulo:tomasulo|EstacaoReservaMulQk[0][2]     ; Merged with Tomasulo:tomasulo|EstacaoReservaMulQk[0][0]    ;
; Tomasulo:tomasulo|EstacaoReservaMulQk[0][3]     ; Merged with Tomasulo:tomasulo|EstacaoReservaMulQk[0][0]    ;
; Tomasulo:tomasulo|EstacaoReservaMulQk[0][4]     ; Merged with Tomasulo:tomasulo|EstacaoReservaMulQk[0][0]    ;
; Tomasulo:tomasulo|EstacaoReservaMulQk[0][5]     ; Merged with Tomasulo:tomasulo|EstacaoReservaMulQk[0][0]    ;
; Tomasulo:tomasulo|EstacaoReservaMulQk[1][2]     ; Merged with Tomasulo:tomasulo|EstacaoReservaMulQk[1][0]    ;
; Tomasulo:tomasulo|EstacaoReservaMulQk[1][3]     ; Merged with Tomasulo:tomasulo|EstacaoReservaMulQk[1][0]    ;
; Tomasulo:tomasulo|EstacaoReservaMulQk[1][4]     ; Merged with Tomasulo:tomasulo|EstacaoReservaMulQk[1][0]    ;
; Tomasulo:tomasulo|EstacaoReservaMulQk[1][5]     ; Merged with Tomasulo:tomasulo|EstacaoReservaMulQk[1][0]    ;
; Tomasulo:tomasulo|TabelaValoresDest[3][3]       ; Merged with Tomasulo:tomasulo|TabelaValoresDest[3][1]      ;
; Tomasulo:tomasulo|pc[2..5]                      ; Merged with Tomasulo:tomasulo|pc[0]                        ;
; Tomasulo:tomasulo|bancoRegLabel[5][2]           ; Merged with Tomasulo:tomasulo|bancoRegLabel[5][0]          ;
; Tomasulo:tomasulo|bancoRegLabel[5][3]           ; Merged with Tomasulo:tomasulo|bancoRegLabel[5][0]          ;
; Tomasulo:tomasulo|bancoRegLabel[5][4]           ; Merged with Tomasulo:tomasulo|bancoRegLabel[5][0]          ;
; Tomasulo:tomasulo|bancoRegLabel[5][5]           ; Merged with Tomasulo:tomasulo|bancoRegLabel[5][0]          ;
; Tomasulo:tomasulo|bancoRegLabel[4][2]           ; Merged with Tomasulo:tomasulo|bancoRegLabel[4][0]          ;
; Tomasulo:tomasulo|bancoRegLabel[4][3]           ; Merged with Tomasulo:tomasulo|bancoRegLabel[4][0]          ;
; Tomasulo:tomasulo|bancoRegLabel[4][4]           ; Merged with Tomasulo:tomasulo|bancoRegLabel[4][0]          ;
; Tomasulo:tomasulo|bancoRegLabel[4][5]           ; Merged with Tomasulo:tomasulo|bancoRegLabel[4][0]          ;
; Tomasulo:tomasulo|bancoRegLabel[1][2]           ; Merged with Tomasulo:tomasulo|bancoRegLabel[1][0]          ;
; Tomasulo:tomasulo|bancoRegLabel[1][3]           ; Merged with Tomasulo:tomasulo|bancoRegLabel[1][0]          ;
; Tomasulo:tomasulo|bancoRegLabel[1][4]           ; Merged with Tomasulo:tomasulo|bancoRegLabel[1][0]          ;
; Tomasulo:tomasulo|bancoRegLabel[1][5]           ; Merged with Tomasulo:tomasulo|bancoRegLabel[1][0]          ;
; Tomasulo:tomasulo|bancoRegLabel[0][2]           ; Merged with Tomasulo:tomasulo|bancoRegLabel[0][0]          ;
; Tomasulo:tomasulo|bancoRegLabel[0][3]           ; Merged with Tomasulo:tomasulo|bancoRegLabel[0][0]          ;
; Tomasulo:tomasulo|bancoRegLabel[0][4]           ; Merged with Tomasulo:tomasulo|bancoRegLabel[0][0]          ;
; Tomasulo:tomasulo|bancoRegLabel[0][5]           ; Merged with Tomasulo:tomasulo|bancoRegLabel[0][0]          ;
; Tomasulo:tomasulo|EstacaoReservaAddQk[1][2]     ; Merged with Tomasulo:tomasulo|EstacaoReservaAddQk[1][0]    ;
; Tomasulo:tomasulo|EstacaoReservaAddQk[1][3]     ; Merged with Tomasulo:tomasulo|EstacaoReservaAddQk[1][0]    ;
; Tomasulo:tomasulo|EstacaoReservaAddQk[1][4]     ; Merged with Tomasulo:tomasulo|EstacaoReservaAddQk[1][0]    ;
; Tomasulo:tomasulo|EstacaoReservaAddQk[1][5]     ; Merged with Tomasulo:tomasulo|EstacaoReservaAddQk[1][0]    ;
; Tomasulo:tomasulo|EstacaoReservaAddQk[0][2]     ; Merged with Tomasulo:tomasulo|EstacaoReservaAddQk[0][0]    ;
; Tomasulo:tomasulo|EstacaoReservaAddQk[0][3]     ; Merged with Tomasulo:tomasulo|EstacaoReservaAddQk[0][0]    ;
; Tomasulo:tomasulo|EstacaoReservaAddQk[0][4]     ; Merged with Tomasulo:tomasulo|EstacaoReservaAddQk[0][0]    ;
; Tomasulo:tomasulo|EstacaoReservaAddQk[0][5]     ; Merged with Tomasulo:tomasulo|EstacaoReservaAddQk[0][0]    ;
; Tomasulo:tomasulo|EstacaoReservaAddQj[1][2]     ; Merged with Tomasulo:tomasulo|EstacaoReservaAddQj[1][0]    ;
; Tomasulo:tomasulo|EstacaoReservaAddQj[1][3]     ; Merged with Tomasulo:tomasulo|EstacaoReservaAddQj[1][0]    ;
; Tomasulo:tomasulo|EstacaoReservaAddQj[1][4]     ; Merged with Tomasulo:tomasulo|EstacaoReservaAddQj[1][0]    ;
; Tomasulo:tomasulo|EstacaoReservaAddQj[1][5]     ; Merged with Tomasulo:tomasulo|EstacaoReservaAddQj[1][0]    ;
; Tomasulo:tomasulo|EstacaoReservaAddQj[0][2]     ; Merged with Tomasulo:tomasulo|EstacaoReservaAddQj[0][0]    ;
; Tomasulo:tomasulo|EstacaoReservaAddQj[0][3]     ; Merged with Tomasulo:tomasulo|EstacaoReservaAddQj[0][0]    ;
; Tomasulo:tomasulo|EstacaoReservaAddQj[0][4]     ; Merged with Tomasulo:tomasulo|EstacaoReservaAddQj[0][0]    ;
; Tomasulo:tomasulo|EstacaoReservaAddQj[0][5]     ; Merged with Tomasulo:tomasulo|EstacaoReservaAddQj[0][0]    ;
; Tomasulo:tomasulo|EstacaoReservaAddLabel[1][2]  ; Merged with Tomasulo:tomasulo|EstacaoReservaAddLabel[1][0] ;
; Tomasulo:tomasulo|EstacaoReservaAddLabel[1][3]  ; Merged with Tomasulo:tomasulo|EstacaoReservaAddLabel[1][0] ;
; Tomasulo:tomasulo|EstacaoReservaAddLabel[1][4]  ; Merged with Tomasulo:tomasulo|EstacaoReservaAddLabel[1][0] ;
; Tomasulo:tomasulo|EstacaoReservaAddLabel[1][5]  ; Merged with Tomasulo:tomasulo|EstacaoReservaAddLabel[1][0] ;
; Tomasulo:tomasulo|EstacaoReservaAddLabel[0][2]  ; Merged with Tomasulo:tomasulo|EstacaoReservaAddLabel[0][0] ;
; Tomasulo:tomasulo|EstacaoReservaAddLabel[0][3]  ; Merged with Tomasulo:tomasulo|EstacaoReservaAddLabel[0][0] ;
; Tomasulo:tomasulo|EstacaoReservaAddLabel[0][4]  ; Merged with Tomasulo:tomasulo|EstacaoReservaAddLabel[0][0] ;
; Tomasulo:tomasulo|EstacaoReservaAddLabel[0][5]  ; Merged with Tomasulo:tomasulo|EstacaoReservaAddLabel[0][0] ;
; Tomasulo:tomasulo|SumIndex[1]                   ; Merged with Tomasulo:tomasulo|SumIndex[0]                  ;
; Tomasulo:tomasulo|bancoRegLabel[6][1]           ; Stuck at GND due to stuck port data_in                     ;
; Tomasulo:tomasulo|pc[0]                         ; Stuck at GND due to stuck port data_in                     ;
; Tomasulo:tomasulo|CDBusy                        ; Stuck at GND due to stuck port data_in                     ;
; Tomasulo:tomasulo|EstacaoReservaMulLabel[0][0]  ; Stuck at GND due to stuck port data_in                     ;
; Tomasulo:tomasulo|EstacaoReservaMulLabel[1][0]  ; Stuck at GND due to stuck port data_in                     ;
; Tomasulo:tomasulo|EstacaoReservaAddLabel[1][0]  ; Stuck at GND due to stuck port data_in                     ;
; Tomasulo:tomasulo|EstacaoReservaAddLabel[0][0]  ; Stuck at GND due to stuck port data_in                     ;
; Tomasulo:tomasulo|EstacaoReservaMulOp[0][0]     ; Stuck at VCC due to stuck port data_in                     ;
; Tomasulo:tomasulo|EstacaoReservaMulOp[1][0]     ; Stuck at VCC due to stuck port data_in                     ;
; Tomasulo:tomasulo|EstacaoReservaAddOp[1][0]     ; Stuck at VCC due to stuck port data_in                     ;
; Tomasulo:tomasulo|EstacaoReservaAddOp[0][0]     ; Stuck at VCC due to stuck port data_in                     ;
; Tomasulo:tomasulo|EstacaoReservaMulQk[0][10]    ; Stuck at GND due to stuck port data_in                     ;
; Tomasulo:tomasulo|EstacaoReservaMulQk[0][9]     ; Stuck at GND due to stuck port data_in                     ;
; Tomasulo:tomasulo|EstacaoReservaMulQk[0][8]     ; Stuck at GND due to stuck port data_in                     ;
; Tomasulo:tomasulo|EstacaoReservaMulQk[0][7]     ; Stuck at GND due to stuck port data_in                     ;
; Tomasulo:tomasulo|EstacaoReservaMulQk[0][6]     ; Stuck at GND due to stuck port data_in                     ;
; Tomasulo:tomasulo|EstacaoReservaMulQk[0][1]     ; Stuck at GND due to stuck port data_in                     ;
; Tomasulo:tomasulo|EstacaoReservaMulQk[0][0]     ; Stuck at GND due to stuck port data_in                     ;
; Tomasulo:tomasulo|EstacaoReservaMulQk[1][10]    ; Stuck at GND due to stuck port data_in                     ;
; Tomasulo:tomasulo|EstacaoReservaMulQk[1][9]     ; Stuck at GND due to stuck port data_in                     ;
; Tomasulo:tomasulo|EstacaoReservaMulQk[1][8]     ; Stuck at GND due to stuck port data_in                     ;
; Tomasulo:tomasulo|EstacaoReservaMulQk[1][7]     ; Stuck at GND due to stuck port data_in                     ;
; Tomasulo:tomasulo|EstacaoReservaMulQk[1][6]     ; Stuck at GND due to stuck port data_in                     ;
; Tomasulo:tomasulo|EstacaoReservaMulQk[1][1]     ; Stuck at GND due to stuck port data_in                     ;
; Tomasulo:tomasulo|EstacaoReservaMulQk[1][0]     ; Stuck at GND due to stuck port data_in                     ;
; Tomasulo:tomasulo|bancoRegLabel[5][0]           ; Stuck at GND due to stuck port data_in                     ;
; Tomasulo:tomasulo|bancoRegLabel[5][1]           ; Stuck at GND due to stuck port data_in                     ;
; Tomasulo:tomasulo|bancoRegLabel[5][6]           ; Stuck at GND due to stuck port data_in                     ;
; Tomasulo:tomasulo|bancoRegLabel[5][7]           ; Stuck at GND due to stuck port data_in                     ;
; Tomasulo:tomasulo|bancoRegLabel[5][8]           ; Stuck at GND due to stuck port data_in                     ;
; Tomasulo:tomasulo|bancoRegLabel[5][9]           ; Stuck at GND due to stuck port data_in                     ;
; Tomasulo:tomasulo|bancoRegLabel[5][10]          ; Stuck at GND due to stuck port data_in                     ;
; Tomasulo:tomasulo|bancoRegLabel[0][0]           ; Stuck at GND due to stuck port data_in                     ;
; Tomasulo:tomasulo|bancoRegLabel[0][1]           ; Stuck at GND due to stuck port data_in                     ;
; Tomasulo:tomasulo|bancoRegLabel[0][6]           ; Stuck at GND due to stuck port data_in                     ;
; Tomasulo:tomasulo|bancoRegLabel[0][7]           ; Stuck at GND due to stuck port data_in                     ;
; Tomasulo:tomasulo|bancoRegLabel[0][8]           ; Stuck at GND due to stuck port data_in                     ;
; Tomasulo:tomasulo|bancoRegLabel[0][9]           ; Stuck at GND due to stuck port data_in                     ;
; Tomasulo:tomasulo|bancoRegLabel[0][10]          ; Stuck at GND due to stuck port data_in                     ;
; Tomasulo:tomasulo|bancoRegLabelPres[2,3,6,7]    ; Stuck at GND due to stuck port data_in                     ;
; Tomasulo:tomasulo|EstacaoReservaAddQk[1][0]     ; Stuck at GND due to stuck port data_in                     ;
; Tomasulo:tomasulo|EstacaoReservaAddQk[1][1]     ; Stuck at GND due to stuck port data_in                     ;
; Tomasulo:tomasulo|EstacaoReservaAddQk[1][6]     ; Stuck at GND due to stuck port data_in                     ;
; Tomasulo:tomasulo|EstacaoReservaAddQk[1][7]     ; Stuck at GND due to stuck port data_in                     ;
; Tomasulo:tomasulo|EstacaoReservaAddQk[1][8]     ; Stuck at GND due to stuck port data_in                     ;
; Tomasulo:tomasulo|EstacaoReservaAddQk[1][9]     ; Stuck at GND due to stuck port data_in                     ;
; Tomasulo:tomasulo|EstacaoReservaAddQk[1][10]    ; Stuck at GND due to stuck port data_in                     ;
; Tomasulo:tomasulo|EstacaoReservaAddQk[0][0]     ; Stuck at GND due to stuck port data_in                     ;
; Tomasulo:tomasulo|EstacaoReservaAddQk[0][1]     ; Stuck at GND due to stuck port data_in                     ;
; Tomasulo:tomasulo|EstacaoReservaAddQk[0][6]     ; Stuck at GND due to stuck port data_in                     ;
; Tomasulo:tomasulo|EstacaoReservaAddQk[0][7]     ; Stuck at GND due to stuck port data_in                     ;
; Tomasulo:tomasulo|EstacaoReservaAddQk[0][8]     ; Stuck at GND due to stuck port data_in                     ;
; Tomasulo:tomasulo|EstacaoReservaAddQk[0][9]     ; Stuck at GND due to stuck port data_in                     ;
; Tomasulo:tomasulo|EstacaoReservaAddQk[0][10]    ; Stuck at GND due to stuck port data_in                     ;
; Tomasulo:tomasulo|bancoRegLabel[4][0]           ; Lost fanout                                                ;
; Tomasulo:tomasulo|bancoRegLabel[4][1]           ; Lost fanout                                                ;
; Tomasulo:tomasulo|bancoRegLabel[4][6]           ; Lost fanout                                                ;
; Tomasulo:tomasulo|bancoRegLabel[4][7]           ; Lost fanout                                                ;
; Tomasulo:tomasulo|bancoRegLabel[4][8]           ; Lost fanout                                                ;
; Tomasulo:tomasulo|bancoRegLabel[4][9]           ; Lost fanout                                                ;
; Tomasulo:tomasulo|bancoRegLabel[4][10]          ; Lost fanout                                                ;
; Tomasulo:tomasulo|bancoRegLabelPres[0,4]        ; Lost fanout                                                ;
; Tomasulo:tomasulo|EstacaoReservaAddOp[0][1]     ; Stuck at GND due to stuck port clock_enable                ;
; Tomasulo:tomasulo|EstacaoReservaAddBusy[0,1]    ; Stuck at GND due to stuck port data_in                     ;
; Tomasulo:tomasulo|EstacaoReservaAddOp[1][1]     ; Lost fanout                                                ;
; Tomasulo:tomasulo|MulIndex[0]                   ; Stuck at GND due to stuck port data_in                     ;
; Tomasulo:tomasulo|SumIndex[0]                   ; Stuck at GND due to stuck port data_in                     ;
; Tomasulo:tomasulo|TabelaValoresLabel[0][0]      ; Stuck at GND due to stuck port data_in                     ;
; Tomasulo:tomasulo|TabelaValoresLabel[1][0]      ; Stuck at GND due to stuck port data_in                     ;
; Tomasulo:tomasulo|TabelaValoresLabel[2][0]      ; Stuck at GND due to stuck port data_in                     ;
; Tomasulo:tomasulo|TabelaValoresLabel[3][0]      ; Stuck at GND due to stuck port data_in                     ;
; Tomasulo:tomasulo|EstacaoReservaMulLabel[0][1]  ; Stuck at GND due to stuck port data_in                     ;
; Tomasulo:tomasulo|EstacaoReservaMulLabel[1][1]  ; Stuck at GND due to stuck port data_in                     ;
; Tomasulo:tomasulo|EstacaoReservaAddLabel[0][6]  ; Stuck at GND due to stuck port data_in                     ;
; Tomasulo:tomasulo|EstacaoReservaAddLabel[1][6]  ; Stuck at GND due to stuck port data_in                     ;
; Tomasulo:tomasulo|EstacaoReservaAddLabel[0][1]  ; Stuck at GND due to stuck port data_in                     ;
; Tomasulo:tomasulo|EstacaoReservaAddLabel[1][1]  ; Stuck at GND due to stuck port data_in                     ;
; Tomasulo:tomasulo|EstacaoReservaAddLabel[0][7]  ; Stuck at GND due to stuck port data_in                     ;
; Tomasulo:tomasulo|EstacaoReservaAddLabel[1][7]  ; Stuck at GND due to stuck port data_in                     ;
; Tomasulo:tomasulo|EstacaoReservaAddLabel[0][10] ; Stuck at GND due to stuck port data_in                     ;
; Tomasulo:tomasulo|EstacaoReservaAddLabel[1][10] ; Stuck at GND due to stuck port data_in                     ;
; Tomasulo:tomasulo|EstacaoReservaAddLabel[0][9]  ; Stuck at GND due to stuck port data_in                     ;
; Tomasulo:tomasulo|EstacaoReservaAddLabel[1][9]  ; Stuck at GND due to stuck port data_in                     ;
; Tomasulo:tomasulo|EstacaoReservaAddLabel[0][8]  ; Stuck at GND due to stuck port data_in                     ;
; Tomasulo:tomasulo|EstacaoReservaAddLabel[1][8]  ; Stuck at GND due to stuck port data_in                     ;
; Tomasulo:tomasulo|bancoRegLabelPres[5]          ; Stuck at GND due to stuck port data_in                     ;
; Tomasulo:tomasulo|EstacaoReservaAddQj[0][10]    ; Stuck at GND due to stuck port data_in                     ;
; Tomasulo:tomasulo|EstacaoReservaAddQj[0][9]     ; Stuck at GND due to stuck port data_in                     ;
; Tomasulo:tomasulo|EstacaoReservaAddQj[0][8]     ; Stuck at GND due to stuck port data_in                     ;
; Tomasulo:tomasulo|EstacaoReservaAddQj[0][7]     ; Stuck at GND due to stuck port data_in                     ;
; Tomasulo:tomasulo|EstacaoReservaAddQj[0][6]     ; Stuck at GND due to stuck port data_in                     ;
; Tomasulo:tomasulo|bancoRegLabel[1][0]           ; Stuck at GND due to stuck port data_in                     ;
; Tomasulo:tomasulo|EstacaoReservaAddQj[0][0]     ; Stuck at GND due to stuck port data_in                     ;
; Tomasulo:tomasulo|bancoRegLabel[1][1]           ; Stuck at GND due to stuck port data_in                     ;
; Tomasulo:tomasulo|EstacaoReservaAddQj[0][1]     ; Stuck at GND due to stuck port data_in                     ;
; Tomasulo:tomasulo|EstacaoReservaAddQj[1][10]    ; Stuck at GND due to stuck port data_in                     ;
; Tomasulo:tomasulo|EstacaoReservaAddQj[1][9]     ; Stuck at GND due to stuck port data_in                     ;
; Tomasulo:tomasulo|EstacaoReservaAddQj[1][8]     ; Stuck at GND due to stuck port data_in                     ;
; Tomasulo:tomasulo|EstacaoReservaAddQj[1][7]     ; Stuck at GND due to stuck port data_in                     ;
; Tomasulo:tomasulo|EstacaoReservaAddQj[1][6]     ; Stuck at GND due to stuck port data_in                     ;
; Tomasulo:tomasulo|EstacaoReservaAddQj[1][0]     ; Stuck at GND due to stuck port data_in                     ;
; Tomasulo:tomasulo|EstacaoReservaAddQj[1][1]     ; Stuck at GND due to stuck port data_in                     ;
; Tomasulo:tomasulo|MulState[2]                   ; Stuck at GND due to stuck port data_in                     ;
; Tomasulo:tomasulo|SumState[1]                   ; Stuck at GND due to stuck port data_in                     ;
; Tomasulo:tomasulo|TabelaValoresDest[0][1]       ; Stuck at GND due to stuck port data_in                     ;
; Tomasulo:tomasulo|TabelaValoresDest[1][1]       ; Stuck at GND due to stuck port data_in                     ;
; Tomasulo:tomasulo|TabelaValoresDest[2][1]       ; Stuck at GND due to stuck port data_in                     ;
; Tomasulo:tomasulo|TabelaValoresDest[3][1]       ; Stuck at GND due to stuck port data_in                     ;
; Tomasulo:tomasulo|EstacaoReservaAddKusy[0]      ; Lost fanout                                                ;
; Tomasulo:tomasulo|EstacaoReservaAddJusy[0]      ; Lost fanout                                                ;
; Tomasulo:tomasulo|EstacaoReservaAddKusy[1]      ; Lost fanout                                                ;
; Tomasulo:tomasulo|EstacaoReservaAddJusy[1]      ; Lost fanout                                                ;
; Tomasulo:tomasulo|SumIndex[2]                   ; Lost fanout                                                ;
; Tomasulo:tomasulo|EstacaoReservaMulOp[0][1]     ; Stuck at VCC due to stuck port data_in                     ;
; Tomasulo:tomasulo|EstacaoReservaMulOp[1][1]     ; Stuck at VCC due to stuck port data_in                     ;
; Tomasulo:tomasulo|SumBusy                       ; Stuck at GND due to stuck port data_in                     ;
; Tomasulo:tomasulo|TabelaValoresLabel[0][1]      ; Stuck at GND due to stuck port data_in                     ;
; Tomasulo:tomasulo|TabelaValoresLabel[1][1]      ; Stuck at GND due to stuck port data_in                     ;
; Tomasulo:tomasulo|TabelaValoresLabel[2][1]      ; Stuck at GND due to stuck port data_in                     ;
; Tomasulo:tomasulo|TabelaValoresLabel[3][1]      ; Stuck at GND due to stuck port data_in                     ;
; Tomasulo:tomasulo|EstacaoReservaMulQj[1][0]     ; Stuck at GND due to stuck port data_in                     ;
; Tomasulo:tomasulo|EstacaoReservaMulQj[1][1]     ; Stuck at GND due to stuck port data_in                     ;
; Tomasulo:tomasulo|EstacaoReservaMulQj[0][0]     ; Stuck at GND due to stuck port data_in                     ;
; Tomasulo:tomasulo|EstacaoReservaMulQj[0][1]     ; Stuck at GND due to stuck port data_in                     ;
; Tomasulo:tomasulo|SumState[0]                   ; Stuck at VCC due to stuck port data_in                     ;
; Tomasulo:tomasulo|TabelaValoresDest[0][2]       ; Stuck at GND due to stuck port data_in                     ;
; Tomasulo:tomasulo|TabelaValoresDest[1][2]       ; Stuck at GND due to stuck port data_in                     ;
; Tomasulo:tomasulo|TabelaValoresDest[2][2]       ; Stuck at GND due to stuck port data_in                     ;
; Tomasulo:tomasulo|TabelaValoresDest[3][2]       ; Stuck at GND due to stuck port data_in                     ;
; Tomasulo:tomasulo|TabelaValoresDest[0][0]       ; Stuck at VCC due to stuck port data_in                     ;
; Tomasulo:tomasulo|TabelaValoresDest[1][0]       ; Stuck at VCC due to stuck port data_in                     ;
; Tomasulo:tomasulo|TabelaValoresDest[2][0]       ; Stuck at VCC due to stuck port data_in                     ;
; Tomasulo:tomasulo|TabelaValoresDest[3][0]       ; Stuck at VCC due to stuck port data_in                     ;
; Tomasulo:tomasulo|SumOp~5                       ; Lost fanout                                                ;
; Tomasulo:tomasulo|SumOp.01                      ; Lost fanout                                                ;
; Tomasulo:tomasulo|EstacaoReservaMulKusy[0,1]    ; Stuck at GND due to stuck port data_in                     ;
; Tomasulo:tomasulo|SumDone                       ; Stuck at GND due to stuck port data_in                     ;
; Tomasulo:tomasulo|count[5..15]                  ; Lost fanout                                                ;
; Tomasulo:tomasulo|MulOp                         ; Stuck at VCC due to stuck port data_in                     ;
; Total Number of Removed Registers = 295         ;                                                            ;
+-------------------------------------------------+------------------------------------------------------------+


+------------------------------------------------------------------------------------------------------------------------------------------------------------------+
; Removed Registers Triggering Further Register Optimizations                                                                                                      ;
+------------------------------------------------+---------------------------+-------------------------------------------------------------------------------------+
; Register name                                  ; Reason for Removal        ; Registers Removed due to This Register                                              ;
+------------------------------------------------+---------------------------+-------------------------------------------------------------------------------------+
; Tomasulo:tomasulo|pc[0]                        ; Stuck at GND              ; Tomasulo:tomasulo|EstacaoReservaMulOp[0][0],                                        ;
;                                                ; due to stuck port data_in ; Tomasulo:tomasulo|EstacaoReservaMulOp[1][0],                                        ;
;                                                ;                           ; Tomasulo:tomasulo|EstacaoReservaAddOp[1][0],                                        ;
;                                                ;                           ; Tomasulo:tomasulo|EstacaoReservaAddOp[0][0], Tomasulo:tomasulo|bancoRegLabel[5][0], ;
;                                                ;                           ; Tomasulo:tomasulo|bancoRegLabel[5][1], Tomasulo:tomasulo|bancoRegLabel[5][6],       ;
;                                                ;                           ; Tomasulo:tomasulo|bancoRegLabel[5][7], Tomasulo:tomasulo|bancoRegLabel[5][8],       ;
;                                                ;                           ; Tomasulo:tomasulo|bancoRegLabel[5][9], Tomasulo:tomasulo|bancoRegLabel[5][10],      ;
;                                                ;                           ; Tomasulo:tomasulo|bancoRegLabel[0][0], Tomasulo:tomasulo|bancoRegLabel[0][1],       ;
;                                                ;                           ; Tomasulo:tomasulo|bancoRegLabel[0][6], Tomasulo:tomasulo|bancoRegLabel[0][7],       ;
;                                                ;                           ; Tomasulo:tomasulo|bancoRegLabel[0][8], Tomasulo:tomasulo|bancoRegLabel[0][9],       ;
;                                                ;                           ; Tomasulo:tomasulo|bancoRegLabel[0][10],                                             ;
;                                                ;                           ; Tomasulo:tomasulo|EstacaoReservaAddQk[0][7],                                        ;
;                                                ;                           ; Tomasulo:tomasulo|EstacaoReservaAddOp[0][1],                                        ;
;                                                ;                           ; Tomasulo:tomasulo|EstacaoReservaAddBusy[1],                                         ;
;                                                ;                           ; Tomasulo:tomasulo|EstacaoReservaMulLabel[0][1],                                     ;
;                                                ;                           ; Tomasulo:tomasulo|EstacaoReservaAddLabel[0][6],                                     ;
;                                                ;                           ; Tomasulo:tomasulo|EstacaoReservaAddLabel[0][1],                                     ;
;                                                ;                           ; Tomasulo:tomasulo|EstacaoReservaAddLabel[0][7],                                     ;
;                                                ;                           ; Tomasulo:tomasulo|EstacaoReservaAddLabel[0][10],                                    ;
;                                                ;                           ; Tomasulo:tomasulo|EstacaoReservaAddLabel[0][9],                                     ;
;                                                ;                           ; Tomasulo:tomasulo|EstacaoReservaAddLabel[0][8],                                     ;
;                                                ;                           ; Tomasulo:tomasulo|bancoRegLabelPres[5],                                             ;
;                                                ;                           ; Tomasulo:tomasulo|EstacaoReservaAddQj[0][10],                                       ;
;                                                ;                           ; Tomasulo:tomasulo|EstacaoReservaAddQj[0][9],                                        ;
;                                                ;                           ; Tomasulo:tomasulo|EstacaoReservaAddQj[0][8],                                        ;
;                                                ;                           ; Tomasulo:tomasulo|EstacaoReservaAddQj[0][7],                                        ;
;                                                ;                           ; Tomasulo:tomasulo|EstacaoReservaAddQj[0][6], Tomasulo:tomasulo|bancoRegLabel[1][0], ;
;                                                ;                           ; Tomasulo:tomasulo|EstacaoReservaAddQj[0][0], Tomasulo:tomasulo|bancoRegLabel[1][1], ;
;                                                ;                           ; Tomasulo:tomasulo|EstacaoReservaAddQj[0][1],                                        ;
;                                                ;                           ; Tomasulo:tomasulo|EstacaoReservaAddQj[1][10],                                       ;
;                                                ;                           ; Tomasulo:tomasulo|EstacaoReservaAddQj[1][9],                                        ;
;                                                ;                           ; Tomasulo:tomasulo|EstacaoReservaAddQj[1][8],                                        ;
;                                                ;                           ; Tomasulo:tomasulo|EstacaoReservaAddQj[1][7],                                        ;
;                                                ;                           ; Tomasulo:tomasulo|EstacaoReservaAddQj[1][6],                                        ;
;                                                ;                           ; Tomasulo:tomasulo|EstacaoReservaAddQj[1][0],                                        ;
;                                                ;                           ; Tomasulo:tomasulo|EstacaoReservaAddQj[1][1],                                        ;
;                                                ;                           ; Tomasulo:tomasulo|EstacaoReservaMulOp[0][1],                                        ;
;                                                ;                           ; Tomasulo:tomasulo|EstacaoReservaMulOp[1][1],                                        ;
;                                                ;                           ; Tomasulo:tomasulo|TabelaValoresLabel[0][1],                                         ;
;                                                ;                           ; Tomasulo:tomasulo|TabelaValoresLabel[3][1],                                         ;
;                                                ;                           ; Tomasulo:tomasulo|EstacaoReservaMulQj[1][0],                                        ;
;                                                ;                           ; Tomasulo:tomasulo|EstacaoReservaMulQj[1][1],                                        ;
;                                                ;                           ; Tomasulo:tomasulo|EstacaoReservaMulQj[0][0],                                        ;
;                                                ;                           ; Tomasulo:tomasulo|EstacaoReservaMulQj[0][1],                                        ;
;                                                ;                           ; Tomasulo:tomasulo|TabelaValoresDest[0][2],                                          ;
;                                                ;                           ; Tomasulo:tomasulo|TabelaValoresDest[3][2],                                          ;
;                                                ;                           ; Tomasulo:tomasulo|TabelaValoresDest[0][0],                                          ;
;                                                ;                           ; Tomasulo:tomasulo|TabelaValoresDest[3][0]                                           ;
; Tomasulo:tomasulo|bancoRegLabel[6][1]          ; Stuck at GND              ; Tomasulo:tomasulo|EstacaoReservaMulQk[0][7],                                        ;
;                                                ; due to stuck port data_in ; Tomasulo:tomasulo|EstacaoReservaMulQk[0][6],                                        ;
;                                                ;                           ; Tomasulo:tomasulo|EstacaoReservaMulQk[0][1],                                        ;
;                                                ;                           ; Tomasulo:tomasulo|EstacaoReservaMulQk[1][8],                                        ;
;                                                ;                           ; Tomasulo:tomasulo|EstacaoReservaMulQk[1][7],                                        ;
;                                                ;                           ; Tomasulo:tomasulo|EstacaoReservaMulQk[1][6],                                        ;
;                                                ;                           ; Tomasulo:tomasulo|EstacaoReservaMulQk[1][1],                                        ;
;                                                ;                           ; Tomasulo:tomasulo|EstacaoReservaAddQk[1][1],                                        ;
;                                                ;                           ; Tomasulo:tomasulo|EstacaoReservaAddQk[1][6],                                        ;
;                                                ;                           ; Tomasulo:tomasulo|EstacaoReservaAddQk[1][7],                                        ;
;                                                ;                           ; Tomasulo:tomasulo|EstacaoReservaAddQk[0][1],                                        ;
;                                                ;                           ; Tomasulo:tomasulo|EstacaoReservaAddQk[0][6]                                         ;
; Tomasulo:tomasulo|EstacaoReservaAddBusy[0]     ; Stuck at GND              ; Tomasulo:tomasulo|TabelaValoresLabel[1][1],                                         ;
;                                                ; due to stuck port data_in ; Tomasulo:tomasulo|TabelaValoresLabel[2][1],                                         ;
;                                                ;                           ; Tomasulo:tomasulo|TabelaValoresDest[1][2],                                          ;
;                                                ;                           ; Tomasulo:tomasulo|TabelaValoresDest[2][2],                                          ;
;                                                ;                           ; Tomasulo:tomasulo|TabelaValoresDest[1][0],                                          ;
;                                                ;                           ; Tomasulo:tomasulo|TabelaValoresDest[2][0]                                           ;
; Tomasulo:tomasulo|CDBusy                       ; Stuck at GND              ; Tomasulo:tomasulo|SumState[1], Tomasulo:tomasulo|SumState[0],                       ;
;                                                ; due to stuck port data_in ; Tomasulo:tomasulo|EstacaoReservaMulKusy[0],                                         ;
;                                                ;                           ; Tomasulo:tomasulo|EstacaoReservaMulKusy[1]                                          ;
; Tomasulo:tomasulo|EstacaoReservaAddOp[1][2]    ; Stuck at GND              ; Tomasulo:tomasulo|EstacaoReservaAddOp[1][1],                                        ;
;                                                ; due to stuck port data_in ; Tomasulo:tomasulo|EstacaoReservaAddKusy[1],                                         ;
;                                                ;                           ; Tomasulo:tomasulo|EstacaoReservaAddJusy[1]                                          ;
; Tomasulo:tomasulo|EstacaoReservaAddOp[0][2]    ; Stuck at GND              ; Tomasulo:tomasulo|EstacaoReservaAddKusy[0],                                         ;
;                                                ; due to stuck port data_in ; Tomasulo:tomasulo|EstacaoReservaAddJusy[0]                                          ;
; Tomasulo:tomasulo|EstacaoReservaMulOp[0][3]    ; Stuck at GND              ; Tomasulo:tomasulo|MulOp                                                             ;
;                                                ; due to stuck port data_in ;                                                                                     ;
; Tomasulo:tomasulo|EstacaoReservaAddLabel[1][0] ; Stuck at GND              ; Tomasulo:tomasulo|SumIndex[2]                                                       ;
;                                                ; due to stuck port data_in ;                                                                                     ;
; Tomasulo:tomasulo|SumBusy                      ; Stuck at GND              ; Tomasulo:tomasulo|SumDone                                                           ;
;                                                ; due to stuck port data_in ;                                                                                     ;
+------------------------------------------------+---------------------------+-------------------------------------------------------------------------------------+


+------------------------------------------------------+
; General Register Statistics                          ;
+----------------------------------------------+-------+
; Statistic                                    ; Value ;
+----------------------------------------------+-------+
; Total registers                              ; 73    ;
; Number of registers using Synchronous Clear  ; 0     ;
; Number of registers using Synchronous Load   ; 0     ;
; Number of registers using Asynchronous Clear ; 0     ;
; Number of registers using Asynchronous Load  ; 0     ;
; Number of registers using Clock Enable       ; 56    ;
; Number of registers using Preset             ; 0     ;
+----------------------------------------------+-------+


+----------------------------------------------------------------------------------------------------------------------------------------------------------------+
; Multiplexer Restructuring Statistics (Restructuring Performed)                                                                                                 ;
+--------------------+-----------+---------------+----------------------+------------------------+------------+--------------------------------------------------+
; Multiplexer Inputs ; Bus Width ; Baseline Area ; Area if Restructured ; Saving if Restructured ; Registered ; Example Multiplexer Output                       ;
+--------------------+-----------+---------------+----------------------+------------------------+------------+--------------------------------------------------+
; 4:1                ; 2 bits    ; 4 LEs         ; 2 LEs                ; 2 LEs                  ; Yes        ; |parte3|Tomasulo:tomasulo|TabelaValoresIndex[1]  ;
; 4:1                ; 2 bits    ; 4 LEs         ; 2 LEs                ; 2 LEs                  ; Yes        ; |parte3|Tomasulo:tomasulo|SumState[0]            ;
; 11:1               ; 3 bits    ; 21 LEs        ; 15 LEs               ; 6 LEs                  ; Yes        ; |parte3|Tomasulo:tomasulo|MulState[2]            ;
; 8:1                ; 2 bits    ; 10 LEs        ; 6 LEs                ; 4 LEs                  ; Yes        ; |parte3|Tomasulo:tomasulo|bancoRegLabel[1][1]    ;
; 8:1                ; 5 bits    ; 25 LEs        ; 10 LEs               ; 15 LEs                 ; Yes        ; |parte3|Tomasulo:tomasulo|bancoRegLabel[1][9]    ;
; 4:1                ; 18 bits   ; 36 LEs        ; 36 LEs               ; 0 LEs                  ; No         ; |parte3|Tomasulo:tomasulo|Mux28                  ;
; 4:1                ; 6 bits    ; 12 LEs        ; 12 LEs               ; 0 LEs                  ; No         ; |parte3|Tomasulo:tomasulo|Mux31                  ;
; 4:1                ; 12 bits   ; 24 LEs        ; 24 LEs               ; 0 LEs                  ; No         ; |parte3|Tomasulo:tomasulo|Mux110                 ;
; 3:1                ; 4 bits    ; 8 LEs         ; 4 LEs                ; 4 LEs                  ; No         ; |parte3|Tomasulo:tomasulo|TabelaValoresBusy      ;
; 3:1                ; 4 bits    ; 8 LEs         ; 4 LEs                ; 4 LEs                  ; No         ; |parte3|Tomasulo:tomasulo|TabelaValoresBusy      ;
; 4:1                ; 6 bits    ; 12 LEs        ; 6 LEs                ; 6 LEs                  ; No         ; |parte3|Tomasulo:tomasulo|EstacaoReservaAddLabel ;
; 4:1                ; 6 bits    ; 12 LEs        ; 6 LEs                ; 6 LEs                  ; No         ; |parte3|Tomasulo:tomasulo|EstacaoReservaMulLabel ;
; 5:1                ; 7 bits    ; 21 LEs        ; 7 LEs                ; 14 LEs                 ; No         ; |parte3|Tomasulo:tomasulo|EstacaoReservaAddQj    ;
; 5:1                ; 7 bits    ; 21 LEs        ; 7 LEs                ; 14 LEs                 ; No         ; |parte3|Tomasulo:tomasulo|EstacaoReservaMulQj    ;
; 5:1                ; 6 bits    ; 18 LEs        ; 6 LEs                ; 12 LEs                 ; No         ; |parte3|Tomasulo:tomasulo|EstacaoReservaAddLabel ;
; 5:1                ; 6 bits    ; 18 LEs        ; 6 LEs                ; 12 LEs                 ; No         ; |parte3|Tomasulo:tomasulo|EstacaoReservaMulLabel ;
; 6:1                ; 7 bits    ; 28 LEs        ; 7 LEs                ; 21 LEs                 ; No         ; |parte3|Tomasulo:tomasulo|EstacaoReservaAddQj    ;
; 6:1                ; 7 bits    ; 28 LEs        ; 7 LEs                ; 21 LEs                 ; No         ; |parte3|Tomasulo:tomasulo|EstacaoReservaMulQj    ;
; 6:1                ; 5 bits    ; 20 LEs        ; 10 LEs               ; 10 LEs                 ; No         ; |parte3|Tomasulo:tomasulo|SumState               ;
; 6:1                ; 6 bits    ; 24 LEs        ; 12 LEs               ; 12 LEs                 ; No         ; |parte3|Tomasulo:tomasulo|MulState               ;
; 8:1                ; 2 bits    ; 10 LEs        ; 2 LEs                ; 8 LEs                  ; No         ; |parte3|Tomasulo:tomasulo|SumOp                  ;
; 19:1               ; 3 bits    ; 36 LEs        ; 3 LEs                ; 33 LEs                 ; No         ; |parte3|Tomasulo:tomasulo|TabelaValoresDest      ;
; 19:1               ; 8 bits    ; 96 LEs        ; 8 LEs                ; 88 LEs                 ; No         ; |parte3|Tomasulo:tomasulo|TabelaValoresLabel     ;
; 19:1               ; 3 bits    ; 36 LEs        ; 3 LEs                ; 33 LEs                 ; No         ; |parte3|Tomasulo:tomasulo|TabelaValoresPres      ;
; 19:1               ; 8 bits    ; 96 LEs        ; 8 LEs                ; 88 LEs                 ; No         ; |parte3|Tomasulo:tomasulo|TabelaValoresLabel     ;
; 19:1               ; 3 bits    ; 36 LEs        ; 3 LEs                ; 33 LEs                 ; No         ; |parte3|Tomasulo:tomasulo|TabelaValoresLabel     ;
; 19:1               ; 8 bits    ; 96 LEs        ; 8 LEs                ; 88 LEs                 ; No         ; |parte3|Tomasulo:tomasulo|TabelaValoresLabel     ;
; 19:1               ; 3 bits    ; 36 LEs        ; 3 LEs                ; 33 LEs                 ; No         ; |parte3|Tomasulo:tomasulo|TabelaValoresPres      ;
; 19:1               ; 8 bits    ; 96 LEs        ; 8 LEs                ; 88 LEs                 ; No         ; |parte3|Tomasulo:tomasulo|TabelaValoresDest      ;
+--------------------+-----------+---------------+----------------------+------------------------+------------+--------------------------------------------------+


+-------------------------------+
; Elapsed Time Per Partition    ;
+----------------+--------------+
; Partition Name ; Elapsed Time ;
+----------------+--------------+
; Top            ; 00:00:05     ;
+----------------+--------------+


+-------------------------------+
; Analysis & Synthesis Messages ;
+-------------------------------+
Info: *******************************************************************
Info: Running Quartus II 64-Bit Analysis & Synthesis
    Info: Version 13.0.1 Build 232 06/12/2013 Service Pack 1 SJ Web Edition
    Info: Processing started: Wed Aug 11 12:54:10 2021
Info: Command: quartus_map --read_settings_files=on --write_settings_files=off parte3 -c parte3
Warning (20028): Parallel compilation is not licensed and has been disabled
Info (12021): Found 1 design units, including 1 entities, in source file parte3.v
    Info (12023): Found entity 1: parte3
Info (12021): Found 1 design units, including 1 entities, in source file tomasulo.v
    Info (12023): Found entity 1: Tomasulo
Info (12127): Elaborating entity "parte3" for the top level hierarchy
Info (12128): Elaborating entity "Tomasulo" for hierarchy "Tomasulo:tomasulo"
Warning (10036): Verilog HDL or VHDL warning at Tomasulo.v(23): object "TabelaValoresOp" assigned a value but never read
Warning (10230): Verilog HDL assignment warning at Tomasulo.v(135): truncated value with size 32 to match size of target (3)
Warning (10230): Verilog HDL assignment warning at Tomasulo.v(154): truncated value with size 32 to match size of target (3)
Warning (10230): Verilog HDL assignment warning at Tomasulo.v(179): truncated value with size 32 to match size of target (2)
Warning (10230): Verilog HDL assignment warning at Tomasulo.v(483): truncated value with size 32 to match size of target (3)
Warning (10230): Verilog HDL assignment warning at Tomasulo.v(522): truncated value with size 32 to match size of target (3)
Warning (10230): Verilog HDL assignment warning at Tomasulo.v(633): truncated value with size 32 to match size of target (2)
Warning (10230): Verilog HDL assignment warning at Tomasulo.v(651): truncated value with size 32 to match size of target (3)
Warning (10230): Verilog HDL assignment warning at Tomasulo.v(652): truncated value with size 32 to match size of target (3)
Warning (10230): Verilog HDL assignment warning at Tomasulo.v(661): truncated value with size 32 to match size of target (3)
Warning (10230): Verilog HDL assignment warning at Tomasulo.v(702): truncated value with size 32 to match size of target (16)
Warning (10230): Verilog HDL assignment warning at Tomasulo.v(727): truncated value with size 32 to match size of target (16)
Warning (10034): Output port "regValue" at Tomasulo.v(6) has no driver
Warning (13024): Output pins are stuck at VCC or GND
    Warning (13410): Pin "regValue[0]" is stuck at GND
    Warning (13410): Pin "regValue[1]" is stuck at GND
    Warning (13410): Pin "regValue[2]" is stuck at GND
    Warning (13410): Pin "regValue[3]" is stuck at GND
    Warning (13410): Pin "regValue[4]" is stuck at GND
    Warning (13410): Pin "regValue[5]" is stuck at GND
    Warning (13410): Pin "regValue[6]" is stuck at GND
    Warning (13410): Pin "regValue[7]" is stuck at GND
    Warning (13410): Pin "regValue[8]" is stuck at GND
    Warning (13410): Pin "regValue[9]" is stuck at GND
    Warning (13410): Pin "regValue[10]" is stuck at GND
    Warning (13410): Pin "regValue[11]" is stuck at GND
    Warning (13410): Pin "regValue[12]" is stuck at GND
    Warning (13410): Pin "regValue[13]" is stuck at GND
    Warning (13410): Pin "regValue[14]" is stuck at GND
    Warning (13410): Pin "regValue[15]" is stuck at GND
Info (286030): Timing-Driven Synthesis is running
Info (17049): 28 registers lost all their fanouts during netlist optimizations.
Info (16010): Generating hard_block partition "hard_block:auto_generated_inst"
    Info (16011): Adding 0 node(s), including 0 DDIO, 0 PLL, 0 transceiver and 0 LCELL
Info (21057): Implemented 291 device resources after synthesis - the final resource count might be different
    Info (21058): Implemented 2 input pins
    Info (21059): Implemented 17 output pins
    Info (21061): Implemented 272 logic cells
Info: Quartus II 64-Bit Analysis & Synthesis was successful. 0 errors, 31 warnings
    Info: Peak virtual memory: 4663 megabytes
    Info: Processing ended: Wed Aug 11 12:54:18 2021
    Info: Elapsed time: 00:00:08
    Info: Total CPU time (on all processors): 00:00:08


